16:05:15.739 [main] INFO  com.myretail.MyRetailConfig - Starting MyRetailConfig on Jayakrishnan-Sr with PID 3388 (C:\Jay_Tgt\MyRetailRS\target\classes started by jayakrishnan.s in C:\Jay_Tgt\MyRetailRS)
16:05:15.742 [main] DEBUG com.myretail.MyRetailConfig - Running with Spring Boot v1.3.2.RELEASE, Spring v4.2.4.RELEASE
16:05:15.742 [main] INFO  com.myretail.MyRetailConfig - No active profile set, falling back to default profiles: default
16:05:15.812 [main] INFO  o.s.b.c.e.AnnotationConfigEmbeddedWebApplicationContext - Refreshing org.springframework.boot.context.embedded.AnnotationConfigEmbeddedWebApplicationContext@4387b79e: startup date [Sat Feb 13 16:05:15 PST 2016]; root of context hierarchy
16:05:16.000 [background-preinit] INFO  o.h.validator.internal.util.Version - HV000001: Hibernate Validator 5.2.2.Final
16:05:17.141 [main] INFO  o.s.b.f.s.DefaultListableBeanFactory - Overriding bean definition for bean 'beanNameViewResolver' with a different definition: replacing [Root bean: class [null]; scope=; abstract=false; lazyInit=false; autowireMode=3; dependencyCheck=0; autowireCandidate=true; primary=false; factoryBeanName=org.springframework.boot.autoconfigure.web.ErrorMvcAutoConfiguration$WhitelabelErrorViewConfiguration; factoryMethodName=beanNameViewResolver; initMethodName=null; destroyMethodName=(inferred); defined in class path resource [org/springframework/boot/autoconfigure/web/ErrorMvcAutoConfiguration$WhitelabelErrorViewConfiguration.class]] with [Root bean: class [null]; scope=; abstract=false; lazyInit=false; autowireMode=3; dependencyCheck=0; autowireCandidate=true; primary=false; factoryBeanName=org.springframework.boot.autoconfigure.web.WebMvcAutoConfiguration$WebMvcAutoConfigurationAdapter; factoryMethodName=beanNameViewResolver; initMethodName=null; destroyMethodName=(inferred); defined in class path resource [org/springframework/boot/autoconfigure/web/WebMvcAutoConfiguration$WebMvcAutoConfigurationAdapter.class]]
16:05:17.737 [main] INFO  o.s.b.f.a.AutowiredAnnotationBeanPostProcessor - JSR-330 'javax.inject.Inject' annotation found and supported for autowiring
16:05:18.649 [main] INFO  o.s.b.c.e.t.TomcatEmbeddedServletContainer - Tomcat initialized with port(s): 8080 (http)
16:05:18.663 [main] INFO  o.a.catalina.core.StandardService - Starting service Tomcat
16:05:18.664 [main] INFO  o.a.catalina.core.StandardEngine - Starting Servlet Engine: Apache Tomcat/8.0.30
16:05:18.809 [localhost-startStop-1] INFO  o.a.c.c.C.[Tomcat].[localhost].[/] - Initializing Spring embedded WebApplicationContext
16:05:18.810 [localhost-startStop-1] INFO  o.s.web.context.ContextLoader - Root WebApplicationContext: initialization completed in 3002 ms
16:05:19.502 [localhost-startStop-1] INFO  o.s.b.c.e.ServletRegistrationBean - Mapping servlet: 'dispatcherServlet' to [/]
16:05:19.505 [localhost-startStop-1] INFO  o.s.b.c.e.FilterRegistrationBean - Mapping filter: 'metricFilter' to: [/*]
16:05:19.506 [localhost-startStop-1] INFO  o.s.b.c.e.FilterRegistrationBean - Mapping filter: 'characterEncodingFilter' to: [/*]
16:05:19.506 [localhost-startStop-1] INFO  o.s.b.c.e.FilterRegistrationBean - Mapping filter: 'hiddenHttpMethodFilter' to: [/*]
16:05:19.506 [localhost-startStop-1] INFO  o.s.b.c.e.FilterRegistrationBean - Mapping filter: 'httpPutFormContentFilter' to: [/*]
16:05:19.506 [localhost-startStop-1] INFO  o.s.b.c.e.FilterRegistrationBean - Mapping filter: 'requestContextFilter' to: [/*]
16:05:19.506 [localhost-startStop-1] INFO  o.s.b.c.e.FilterRegistrationBean - Mapping filter: 'webRequestLoggingFilter' to: [/*]
16:05:19.506 [localhost-startStop-1] INFO  o.s.b.c.e.FilterRegistrationBean - Mapping filter: 'myRetailFilter' to: [/*]
16:05:19.506 [localhost-startStop-1] INFO  o.s.b.c.e.FilterRegistrationBean - Mapping filter: 'applicationContextIdFilter' to: [/*]
16:05:20.648 [main] INFO  o.s.w.s.m.m.a.RequestMappingHandlerAdapter - Looking for @ControllerAdvice: org.springframework.boot.context.embedded.AnnotationConfigEmbeddedWebApplicationContext@4387b79e: startup date [Sat Feb 13 16:05:15 PST 2016]; root of context hierarchy
16:05:20.849 [main] INFO  o.s.w.s.m.m.a.RequestMappingHandlerMapping - Mapped "{[/products/v3/{id}],methods=[GET]}" onto com.myretail.dto.MyRetailDTO com.myretail.controller.ESController.findById(java.lang.String)
16:05:20.856 [main] INFO  o.s.w.s.m.m.a.RequestMappingHandlerMapping - Mapped "{[/myretail/products/v1/{id}],methods=[PUT]}" onto com.myretail.dto.MyRetailDTO com.myretail.controller.MyRetailController.update(com.myretail.dto.MyRetailDTO)
16:05:20.856 [main] INFO  o.s.w.s.m.m.a.RequestMappingHandlerMapping - Mapped "{[/myretail/products/{id}],methods=[DELETE]}" onto com.myretail.dto.MyRetailDTO com.myretail.controller.MyRetailController.delete(java.lang.String)
16:05:20.856 [main] INFO  o.s.w.s.m.m.a.RequestMappingHandlerMapping - Mapped "{[/myretail/products],methods=[POST]}" onto com.myretail.dto.MyRetailDTO com.myretail.controller.MyRetailController.create(com.myretail.dto.MyRetailDTO)
16:05:20.856 [main] INFO  o.s.w.s.m.m.a.RequestMappingHandlerMapping - Mapped "{[/myretail/products/v1/{id}],methods=[GET]}" onto com.myretail.dto.MyRetailDTO com.myretail.controller.MyRetailController.findById(java.lang.String)
16:05:20.856 [main] INFO  o.s.w.s.m.m.a.RequestMappingHandlerMapping - Mapped "{[/myretail/products/v2/{id}],methods=[PUT]}" onto com.myretail.dto.MyRetailDTO com.myretail.controller.MyRetailController.updateMyProduct(com.myretail.dto.MyRetailDTO)
16:05:20.857 [main] INFO  o.s.w.s.m.m.a.RequestMappingHandlerMapping - Mapped "{[/myretail/products],methods=[GET]}" onto java.util.List<com.myretail.dto.MyRetailDTO> com.myretail.controller.MyRetailController.findAll()
16:05:20.857 [main] INFO  o.s.w.s.m.m.a.RequestMappingHandlerMapping - Mapped "{[/myretail/products/v2/{id}],methods=[GET]}" onto com.myretail.dto.MyRetailDTO com.myretail.controller.MyRetailController.findMyProductById(java.lang.String)
16:05:20.859 [main] INFO  o.s.w.s.m.m.a.RequestMappingHandlerMapping - Mapped "{[/error]}" onto public org.springframework.http.ResponseEntity<java.util.Map<java.lang.String, java.lang.Object>> org.springframework.boot.autoconfigure.web.BasicErrorController.error(javax.servlet.http.HttpServletRequest)
16:05:20.859 [main] INFO  o.s.w.s.m.m.a.RequestMappingHandlerMapping - Mapped "{[/error],produces=[text/html]}" onto public org.springframework.web.servlet.ModelAndView org.springframework.boot.autoconfigure.web.BasicErrorController.errorHtml(javax.servlet.http.HttpServletRequest,javax.servlet.http.HttpServletResponse)
16:05:20.904 [main] INFO  o.s.w.s.h.SimpleUrlHandlerMapping - Mapped URL path [/webjars/**] onto handler of type [class org.springframework.web.servlet.resource.ResourceHttpRequestHandler]
16:05:20.904 [main] INFO  o.s.w.s.h.SimpleUrlHandlerMapping - Mapped URL path [/**] onto handler of type [class org.springframework.web.servlet.resource.ResourceHttpRequestHandler]
16:05:20.952 [main] INFO  o.s.w.s.h.SimpleUrlHandlerMapping - Mapped URL path [/**/favicon.ico] onto handler of type [class org.springframework.web.servlet.resource.ResourceHttpRequestHandler]
16:05:21.347 [main] INFO  o.s.b.a.e.mvc.EndpointHandlerMapping - Mapped "{[/health || /health.json],produces=[application/json]}" onto public java.lang.Object org.springframework.boot.actuate.endpoint.mvc.HealthMvcEndpoint.invoke(java.security.Principal)
16:05:21.348 [main] INFO  o.s.b.a.e.mvc.EndpointHandlerMapping - Mapped "{[/trace || /trace.json],methods=[GET],produces=[application/json]}" onto public java.lang.Object org.springframework.boot.actuate.endpoint.mvc.EndpointMvcAdapter.invoke()
16:05:21.349 [main] INFO  o.s.b.a.e.mvc.EndpointHandlerMapping - Mapped "{[/beans || /beans.json],methods=[GET],produces=[application/json]}" onto public java.lang.Object org.springframework.boot.actuate.endpoint.mvc.EndpointMvcAdapter.invoke()
16:05:21.349 [main] INFO  o.s.b.a.e.mvc.EndpointHandlerMapping - Mapped "{[/dump || /dump.json],methods=[GET],produces=[application/json]}" onto public java.lang.Object org.springframework.boot.actuate.endpoint.mvc.EndpointMvcAdapter.invoke()
16:05:21.350 [main] INFO  o.s.b.a.e.mvc.EndpointHandlerMapping - Mapped "{[/env/{name:.*}],methods=[GET],produces=[application/json]}" onto public java.lang.Object org.springframework.boot.actuate.endpoint.mvc.EnvironmentMvcEndpoint.value(java.lang.String)
16:05:21.351 [main] INFO  o.s.b.a.e.mvc.EndpointHandlerMapping - Mapped "{[/env || /env.json],methods=[GET],produces=[application/json]}" onto public java.lang.Object org.springframework.boot.actuate.endpoint.mvc.EndpointMvcAdapter.invoke()
16:05:21.353 [main] INFO  o.s.b.a.e.mvc.EndpointHandlerMapping - Mapped "{[/metrics/{name:.*}],methods=[GET],produces=[application/json]}" onto public java.lang.Object org.springframework.boot.actuate.endpoint.mvc.MetricsMvcEndpoint.value(java.lang.String)
16:05:21.353 [main] INFO  o.s.b.a.e.mvc.EndpointHandlerMapping - Mapped "{[/metrics || /metrics.json],methods=[GET],produces=[application/json]}" onto public java.lang.Object org.springframework.boot.actuate.endpoint.mvc.EndpointMvcAdapter.invoke()
16:05:21.354 [main] INFO  o.s.b.a.e.mvc.EndpointHandlerMapping - Mapped "{[/info || /info.json],methods=[GET],produces=[application/json]}" onto public java.lang.Object org.springframework.boot.actuate.endpoint.mvc.EndpointMvcAdapter.invoke()
16:05:21.354 [main] INFO  o.s.b.a.e.mvc.EndpointHandlerMapping - Mapped "{[/mappings || /mappings.json],methods=[GET],produces=[application/json]}" onto public java.lang.Object org.springframework.boot.actuate.endpoint.mvc.EndpointMvcAdapter.invoke()
16:05:21.355 [main] INFO  o.s.b.a.e.mvc.EndpointHandlerMapping - Mapped "{[/configprops || /configprops.json],methods=[GET],produces=[application/json]}" onto public java.lang.Object org.springframework.boot.actuate.endpoint.mvc.EndpointMvcAdapter.invoke()
16:05:21.355 [main] INFO  o.s.b.a.e.mvc.EndpointHandlerMapping - Mapped "{[/autoconfig || /autoconfig.json],methods=[GET],produces=[application/json]}" onto public java.lang.Object org.springframework.boot.actuate.endpoint.mvc.EndpointMvcAdapter.invoke()
16:05:21.485 [main] INFO  o.s.j.e.a.AnnotationMBeanExporter - Registering beans for JMX exposure on startup
16:05:21.490 [main] INFO  o.s.b.a.e.jmx.EndpointMBeanExporter - Registering beans for JMX exposure on startup
16:05:21.495 [main] INFO  o.s.c.s.DefaultLifecycleProcessor - Starting beans in phase 0
16:05:21.498 [main] INFO  o.s.b.a.e.jmx.EndpointMBeanExporter - Located managed bean 'requestMappingEndpoint': registering with JMX server as MBean [org.springframework.boot:type=Endpoint,name=requestMappingEndpoint]
16:05:21.524 [main] INFO  o.s.b.a.e.jmx.EndpointMBeanExporter - Located managed bean 'environmentEndpoint': registering with JMX server as MBean [org.springframework.boot:type=Endpoint,name=environmentEndpoint]
16:05:21.530 [main] INFO  o.s.b.a.e.jmx.EndpointMBeanExporter - Located managed bean 'healthEndpoint': registering with JMX server as MBean [org.springframework.boot:type=Endpoint,name=healthEndpoint]
16:05:21.535 [main] INFO  o.s.b.a.e.jmx.EndpointMBeanExporter - Located managed bean 'beansEndpoint': registering with JMX server as MBean [org.springframework.boot:type=Endpoint,name=beansEndpoint]
16:05:21.540 [main] INFO  o.s.b.a.e.jmx.EndpointMBeanExporter - Located managed bean 'infoEndpoint': registering with JMX server as MBean [org.springframework.boot:type=Endpoint,name=infoEndpoint]
16:05:21.544 [main] INFO  o.s.b.a.e.jmx.EndpointMBeanExporter - Located managed bean 'metricsEndpoint': registering with JMX server as MBean [org.springframework.boot:type=Endpoint,name=metricsEndpoint]
16:05:21.547 [main] INFO  o.s.b.a.e.jmx.EndpointMBeanExporter - Located managed bean 'traceEndpoint': registering with JMX server as MBean [org.springframework.boot:type=Endpoint,name=traceEndpoint]
16:05:21.551 [main] INFO  o.s.b.a.e.jmx.EndpointMBeanExporter - Located managed bean 'dumpEndpoint': registering with JMX server as MBean [org.springframework.boot:type=Endpoint,name=dumpEndpoint]
16:05:21.560 [main] INFO  o.s.b.a.e.jmx.EndpointMBeanExporter - Located managed bean 'autoConfigurationReportEndpoint': registering with JMX server as MBean [org.springframework.boot:type=Endpoint,name=autoConfigurationReportEndpoint]
16:05:21.563 [main] INFO  o.s.b.a.e.jmx.EndpointMBeanExporter - Located managed bean 'configurationPropertiesReportEndpoint': registering with JMX server as MBean [org.springframework.boot:type=Endpoint,name=configurationPropertiesReportEndpoint]
16:05:21.600 [main] INFO  o.a.coyote.http11.Http11NioProtocol - Initializing ProtocolHandler ["http-nio-8080"]
16:05:21.607 [main] INFO  o.a.coyote.http11.Http11NioProtocol - Starting ProtocolHandler ["http-nio-8080"]
16:05:21.620 [main] INFO  o.a.tomcat.util.net.NioSelectorPool - Using a shared selector for servlet write/read
16:05:21.636 [main] INFO  o.s.b.c.e.t.TomcatEmbeddedServletContainer - Tomcat started on port(s): 8080 (http)
16:05:21.641 [main] INFO  com.myretail.MyRetailConfig - Started MyRetailConfig in 6.22 seconds (JVM running for 7.122)
16:05:53.574 [http-nio-8080-exec-1] INFO  o.a.c.c.C.[Tomcat].[localhost].[/] - Initializing Spring FrameworkServlet 'dispatcherServlet'
16:05:53.574 [http-nio-8080-exec-1] INFO  o.s.web.servlet.DispatcherServlet - FrameworkServlet 'dispatcherServlet': initialization started
16:05:53.603 [http-nio-8080-exec-1] INFO  o.s.web.servlet.DispatcherServlet - FrameworkServlet 'dispatcherServlet': initialization completed in 29 ms
16:05:53.621 [http-nio-8080-exec-1] INFO  com.myretail.util.MyRetailFilter - Authorized request../myretail/products/v1/15117729
16:05:53.642 [http-nio-8080-exec-1] INFO  c.m.controller.MyRetailController - Invoked  findById with id: 15117729
16:05:53.649 [http-nio-8080-exec-1] DEBUG c.m.service.MyRetailServiceImpl - Finding entry in Service with id: 15117729
16:05:53.650 [http-nio-8080-exec-1] INFO  c.m.service.MyRetailESServiceImpl - Invoked MyRetailESService.getProductDetails with id 15117729 and type TCIN
16:05:54.188 [http-nio-8080-exec-1] DEBUG c.m.service.MyRetailESServiceImpl - Leaving MyRetailESService.getProductDetails with id 15117729 and type TCIN
16:05:54.191 [http-nio-8080-exec-1] DEBUG com.myretail.util.MyRetailUtil - Invoked MyRetailUtil.isValidESResponse method
16:05:54.191 [http-nio-8080-exec-1] DEBUG com.myretail.util.MyRetailUtil - Leaving MyRetailUtil.isValidESResponse method
16:05:54.192 [http-nio-8080-exec-1] DEBUG c.m.service.MyRetailDBServiceImpl - Invoked MyRetailDBService.findPriceById method with id: 15117729
16:05:54.243 [http-nio-8080-exec-1] DEBUG c.m.service.MyRetailDBServiceImpl - Leaving MyRetailDBService.findPriceById method with currentPrice: CurrentPrice [id=56bfb425959fefef807dae0c, tcin=15117729, price=100.49, currencyCd=USD]
16:05:54.243 [http-nio-8080-exec-1] DEBUG c.m.service.MyRetailServiceImpl - Found db entry with information: CurrentPriceDTO [value=100.49, currency_code=USD, tcin=15117729]
16:05:54.244 [http-nio-8080-exec-1] DEBUG com.myretail.util.MyRetailUtil - Invoked MyRetailUtil.getProductAggregate method. with CurrentPriceDTO CurrentPriceDTO [value=100.49, currency_code=USD, tcin=15117729]
16:05:54.244 [http-nio-8080-exec-1] DEBUG com.myretail.util.MyRetailUtil - MyRetailUtil.getProductAggregate method.TCIN found for item Items [online_description = Online_description [value = Apple® iPad Air 2 16GB Wi-Fi - Gold, type = GENL], department_id = 57, relation = SA, general_description = Apple iPad Air 2 Wi-Fi 16GB, Gold, is_orderable = true, data_page_link = http://www.target.com/p/apple-ipad-air-2-16gb-wi-fi-gold/-/A-15117729, imn_identifier = 13507904, relation_description = Stand Alone, business_process_status = [Lcom.myretail.es.dto.Business_process_status;@18b06ff4, store_description = Store_description [value = Apple iPad Air 2 Wi-Fi 16GB, Gold, type = GENL], is_sellable = true, class_id = 10, item_id = 3003, dpci = 057-10-3003, alternate_description = [Lcom.myretail.es.dto.Alternate_description;@5b7ff811, identifier = [Lcom.myretail.es.dto.Identifier;@1236c0b8, errors = null]
16:05:54.244 [http-nio-8080-exec-1] DEBUG com.myretail.util.MyRetailUtil - Leaving MyRetailUtil.getProductAggregate method. with MyRetailDTO MyRetailDTO [id = 15117729, current_price = CurrentPriceDTO [value=100.49, currency_code=USD, tcin=15117729], name = Apple® iPad Air 2 16GB Wi-Fi - Gold]
16:05:54.244 [http-nio-8080-exec-1] DEBUG c.m.service.MyRetailServiceImpl - Returning entry in Service with MyRetailDTO: MyRetailDTO [id = 15117729, current_price = CurrentPriceDTO [value=100.49, currency_code=USD, tcin=15117729], name = Apple® iPad Air 2 16GB Wi-Fi - Gold]
16:07:08.418 [RMI TCP Connection(2)-192.168.0.4] INFO  o.s.b.a.SpringApplicationAdminMXBeanRegistrar$SpringApplicationAdmin - Application shutdown requested.
16:07:08.418 [RMI TCP Connection(2)-192.168.0.4] INFO  o.s.b.c.e.AnnotationConfigEmbeddedWebApplicationContext - Closing org.springframework.boot.context.embedded.AnnotationConfigEmbeddedWebApplicationContext@4387b79e: startup date [Sat Feb 13 16:05:15 PST 2016]; root of context hierarchy
16:07:08.424 [RMI TCP Connection(2)-192.168.0.4] INFO  o.s.c.s.DefaultLifecycleProcessor - Stopping beans in phase 0
16:07:08.429 [RMI TCP Connection(2)-192.168.0.4] INFO  o.s.b.a.e.jmx.EndpointMBeanExporter - Unregistering JMX-exposed beans on shutdown
16:07:08.430 [RMI TCP Connection(2)-192.168.0.4] INFO  o.s.b.a.e.jmx.EndpointMBeanExporter - Unregistering JMX-exposed beans
16:07:08.430 [RMI TCP Connection(2)-192.168.0.4] INFO  o.s.j.e.a.AnnotationMBeanExporter - Unregistering JMX-exposed beans on shutdown
