16:02:49.980 [main] INFO  com.myretail.MyRetailConfig - Starting MyRetailConfig on Jayakrishnan-Sr with PID 8976 (C:\Jay_Tgt\MyRetailRS\target\classes started by jayakrishnan.s in C:\Jay_Tgt\MyRetailRS)
16:02:49.982 [main] DEBUG com.myretail.MyRetailConfig - Running with Spring Boot v1.3.2.RELEASE, Spring v4.2.4.RELEASE
16:02:49.983 [main] INFO  com.myretail.MyRetailConfig - No active profile set, falling back to default profiles: default
16:02:55.913 [main] INFO  com.myretail.MyRetailConfig - Started MyRetailConfig in 6.246 seconds (JVM running for 7.15)
16:03:01.497 [http-nio-8080-exec-1] INFO  com.myretail.util.MyRetailFilter - Authorized request../myretail/products/v1/15117729
16:03:01.540 [http-nio-8080-exec-1] INFO  c.m.controller.MyRetailController - Invoked  findById with id: 15117729
16:03:01.550 [http-nio-8080-exec-1] DEBUG c.m.service.MyRetailServiceImpl - Finding entry in Service with id: 15117729
16:03:01.551 [http-nio-8080-exec-1] INFO  c.m.service.MyRetailESServiceImpl - Invoked MyRetailESService.getProductDetails with id 15117729 and type TCIN
16:03:02.054 [http-nio-8080-exec-1] DEBUG c.m.service.MyRetailESServiceImpl - Leaving MyRetailESService.getProductDetails with id 15117729 and type TCIN
16:03:02.056 [http-nio-8080-exec-1] DEBUG com.myretail.util.MyRetailUtil - Invoked MyRetailUtil.isValidESResponse method
16:03:02.056 [http-nio-8080-exec-1] DEBUG com.myretail.util.MyRetailUtil - Leaving MyRetailUtil.isValidESResponse method
16:03:02.057 [http-nio-8080-exec-1] DEBUG c.m.service.MyRetailDBServiceImpl - Invoked MyRetailDBService.findPriceById method with id: 15117729
16:03:02.099 [http-nio-8080-exec-1] DEBUG c.m.service.MyRetailDBServiceImpl - Leaving MyRetailDBService.findPriceById method with currentPrice: CurrentPrice [id=56bfb425959fefef807dae0c, tcin=15117729, price=100.49, currencyCd=USD]
16:03:02.099 [http-nio-8080-exec-1] DEBUG c.m.service.MyRetailServiceImpl - Found db entry with information: CurrentPriceDTO [value=100.49, currency_code=USD, tcin=15117729]
16:03:02.100 [http-nio-8080-exec-1] DEBUG com.myretail.util.MyRetailUtil - Invoked MyRetailUtil.getProductAggregate method. with CurrentPriceDTO CurrentPriceDTO [value=100.49, currency_code=USD, tcin=15117729]
16:03:02.100 [http-nio-8080-exec-1] DEBUG com.myretail.util.MyRetailUtil - MyRetailUtil.getProductAggregate method.TCIN found for item Items [online_description = Online_description [value = Apple® iPad Air 2 16GB Wi-Fi - Gold, type = GENL], department_id = 57, relation = SA, general_description = Apple iPad Air 2 Wi-Fi 16GB, Gold, is_orderable = true, data_page_link = http://www.target.com/p/apple-ipad-air-2-16gb-wi-fi-gold/-/A-15117729, imn_identifier = 13507904, relation_description = Stand Alone, business_process_status = [Lcom.myretail.es.dto.Business_process_status;@161e10a3, store_description = Store_description [value = Apple iPad Air 2 Wi-Fi 16GB, Gold, type = GENL], is_sellable = true, class_id = 10, item_id = 3003, dpci = 057-10-3003, alternate_description = [Lcom.myretail.es.dto.Alternate_description;@7b8e2390, identifier = [Lcom.myretail.es.dto.Identifier;@1470b5a1, errors = null]
16:03:02.100 [http-nio-8080-exec-1] DEBUG com.myretail.util.MyRetailUtil - Leaving MyRetailUtil.getProductAggregate method. with MyRetailDTO MyRetailDTO [id = 15117729, current_price = CurrentPriceDTO [value=100.49, currency_code=USD, tcin=15117729], name = Apple® iPad Air 2 16GB Wi-Fi - Gold]
16:03:02.100 [http-nio-8080-exec-1] DEBUG c.m.service.MyRetailServiceImpl - Returning entry in Service with MyRetailDTO: MyRetailDTO [id = 15117729, current_price = CurrentPriceDTO [value=100.49, currency_code=USD, tcin=15117729], name = Apple® iPad Air 2 16GB Wi-Fi - Gold]
16:05:15.739 [main] INFO  com.myretail.MyRetailConfig - Starting MyRetailConfig on Jayakrishnan-Sr with PID 3388 (C:\Jay_Tgt\MyRetailRS\target\classes started by jayakrishnan.s in C:\Jay_Tgt\MyRetailRS)
16:05:15.742 [main] DEBUG com.myretail.MyRetailConfig - Running with Spring Boot v1.3.2.RELEASE, Spring v4.2.4.RELEASE
16:05:15.742 [main] INFO  com.myretail.MyRetailConfig - No active profile set, falling back to default profiles: default
16:05:21.641 [main] INFO  com.myretail.MyRetailConfig - Started MyRetailConfig in 6.22 seconds (JVM running for 7.122)
16:05:53.621 [http-nio-8080-exec-1] INFO  com.myretail.util.MyRetailFilter - Authorized request../myretail/products/v1/15117729
16:05:53.642 [http-nio-8080-exec-1] INFO  c.m.controller.MyRetailController - Invoked  findById with id: 15117729
16:05:53.649 [http-nio-8080-exec-1] DEBUG c.m.service.MyRetailServiceImpl - Finding entry in Service with id: 15117729
16:05:53.650 [http-nio-8080-exec-1] INFO  c.m.service.MyRetailESServiceImpl - Invoked MyRetailESService.getProductDetails with id 15117729 and type TCIN
16:05:54.188 [http-nio-8080-exec-1] DEBUG c.m.service.MyRetailESServiceImpl - Leaving MyRetailESService.getProductDetails with id 15117729 and type TCIN
16:05:54.191 [http-nio-8080-exec-1] DEBUG com.myretail.util.MyRetailUtil - Invoked MyRetailUtil.isValidESResponse method
16:05:54.191 [http-nio-8080-exec-1] DEBUG com.myretail.util.MyRetailUtil - Leaving MyRetailUtil.isValidESResponse method
16:05:54.192 [http-nio-8080-exec-1] DEBUG c.m.service.MyRetailDBServiceImpl - Invoked MyRetailDBService.findPriceById method with id: 15117729
16:05:54.243 [http-nio-8080-exec-1] DEBUG c.m.service.MyRetailDBServiceImpl - Leaving MyRetailDBService.findPriceById method with currentPrice: CurrentPrice [id=56bfb425959fefef807dae0c, tcin=15117729, price=100.49, currencyCd=USD]
16:05:54.243 [http-nio-8080-exec-1] DEBUG c.m.service.MyRetailServiceImpl - Found db entry with information: CurrentPriceDTO [value=100.49, currency_code=USD, tcin=15117729]
16:05:54.244 [http-nio-8080-exec-1] DEBUG com.myretail.util.MyRetailUtil - Invoked MyRetailUtil.getProductAggregate method. with CurrentPriceDTO CurrentPriceDTO [value=100.49, currency_code=USD, tcin=15117729]
16:05:54.244 [http-nio-8080-exec-1] DEBUG com.myretail.util.MyRetailUtil - MyRetailUtil.getProductAggregate method.TCIN found for item Items [online_description = Online_description [value = Apple® iPad Air 2 16GB Wi-Fi - Gold, type = GENL], department_id = 57, relation = SA, general_description = Apple iPad Air 2 Wi-Fi 16GB, Gold, is_orderable = true, data_page_link = http://www.target.com/p/apple-ipad-air-2-16gb-wi-fi-gold/-/A-15117729, imn_identifier = 13507904, relation_description = Stand Alone, business_process_status = [Lcom.myretail.es.dto.Business_process_status;@18b06ff4, store_description = Store_description [value = Apple iPad Air 2 Wi-Fi 16GB, Gold, type = GENL], is_sellable = true, class_id = 10, item_id = 3003, dpci = 057-10-3003, alternate_description = [Lcom.myretail.es.dto.Alternate_description;@5b7ff811, identifier = [Lcom.myretail.es.dto.Identifier;@1236c0b8, errors = null]
16:05:54.244 [http-nio-8080-exec-1] DEBUG com.myretail.util.MyRetailUtil - Leaving MyRetailUtil.getProductAggregate method. with MyRetailDTO MyRetailDTO [id = 15117729, current_price = CurrentPriceDTO [value=100.49, currency_code=USD, tcin=15117729], name = Apple® iPad Air 2 16GB Wi-Fi - Gold]
16:05:54.244 [http-nio-8080-exec-1] DEBUG c.m.service.MyRetailServiceImpl - Returning entry in Service with MyRetailDTO: MyRetailDTO [id = 15117729, current_price = CurrentPriceDTO [value=100.49, currency_code=USD, tcin=15117729], name = Apple® iPad Air 2 16GB Wi-Fi - Gold]
